<?xml version="1.0" encoding="UTF-8" ?>
<testsuite tests="6" failures="0" name="integrationtests.WebCalculatorTest" time="0.165" errors="0" skipped="0">
  <properties>
[...]
</properties>
  <testcase classname="integrationtests.WebCalculatorTest" name="testAdd" time="0.16"/>
  <testcase classname="integrationtests.WebCalculatorTest" name="testDiv" time="0"/>
  <testcase classname="integrationtests.WebCalculatorTest" name="testMul" time="0.002"/>
  <testcase classname="integrationtests.WebCalculatorTest" name="testSub" time="0.001"/>
  <testcase classname="integrationtests.WebCalculatorTest" name="test" time="0.001"/>
  <testcase classname="integrationtests.WebCalculatorTest" name="testDivBy0" time="0.001"/>
</testsuite>